<?xml version="1.0" encoding="UTF-8"?>
<testsuite xmlns:xsi="http://www.w3.org/2001/XMLSchema-instance" xsi:noNamespaceSchemaLocation="https://maven.apache.org/surefire/maven-surefire-plugin/xsd/surefire-test-report.xsd" name="TestSuite" time="45.671" tests="3" errors="0" skipped="0" failures="1">
  <properties>
[...]
</properties>
  <testcase name="loginPageTitleTest" classname="com.php.qa.testcases.LoginPageTest" time="0.121"/>
  <testcase name="PHPLogoImageTest" classname="com.php.qa.testcases.LoginPageTest" time="0.107"/>
  <testcase name="loginTest" classname="com.php.qa.testcases.LoginPageTest" time="6.317">
    <failure message="Expected condition failed: waiting for element to no longer be visible: By.xpath: //button[contains(text(),&apos;Login&apos;)] (tried for 5 second(s) with 500 milliseconds interval)&#10;Build info: version: &apos;3.141.59&apos;, revision: &apos;e82be7d358&apos;, time: &apos;2018-11-14T08:17:03&apos;&#10;System info: host: &apos;Aruns-MacBook-Air.local&apos;, ip: &apos;fe80:0:0:0:cc0:f0cb:d095:9693%en0&apos;, os.name: &apos;Mac OS X&apos;, os.arch: &apos;x86_64&apos;, os.version: &apos;10.15.4&apos;, java.version: &apos;1.8.0_221&apos;&#10;Driver info: org.openqa.selenium.support.events.EventFiringWebDriver&#10;Capabilities {acceptInsecureCerts: false, browserName: chrome, browserVersion: 80.0.3987.163, chrome: {chromedriverVersion: 80.0.3987.106 (f68069574609..., userDataDir: /var/folders/3k/23txymnd6qn...}, goog:chromeOptions: {debuggerAddress: localhost:50154}, javascriptEnabled: true, networkConnectionEnabled: false, pageLoadStrategy: normal, platform: MAC, platformName: MAC, proxy: Proxy(), setWindowRect: true, strictFileInteractability: false, timeouts: {implicit: 0, pageLoad: 300000, script: 30000}, unhandledPromptBehavior: dismiss and notify}&#10;Session ID: 1a266249f0177aa50761450f7a209e99" type="org.openqa.selenium.TimeoutException">org.openqa.selenium.TimeoutException: 
Expected condition failed: waiting for element to no longer be visible: By.xpath: //button[contains(text(),'Login')] (tried for 5 second(s) with 500 milliseconds interval)
Build info: version: '3.141.59', revision: 'e82be7d358', time: '2018-11-14T08:17:03'
System info: host: 'Aruns-MacBook-Air.local', ip: 'fe80:0:0:0:cc0:f0cb:d095:9693%en0', os.name: 'Mac OS X', os.arch: 'x86_64', os.version: '10.15.4', java.version: '1.8.0_221'
Driver info: org.openqa.selenium.support.events.EventFiringWebDriver
Capabilities {acceptInsecureCerts: false, browserName: chrome, browserVersion: 80.0.3987.163, chrome: {chromedriverVersion: 80.0.3987.106 (f68069574609..., userDataDir: /var/folders/3k/23txymnd6qn...}, goog:chromeOptions: {debuggerAddress: localhost:50154}, javascriptEnabled: true, networkConnectionEnabled: false, pageLoadStrategy: normal, platform: MAC, platformName: MAC, proxy: Proxy(), setWindowRect: true, strictFileInteractability: false, timeouts: {implicit: 0, pageLoad: 300000, script: 30000}, unhandledPromptBehavior: dismiss and notify}
Session ID: 1a266249f0177aa50761450f7a209e99
	at com.php.qa.testcases.LoginPageTest.loginTest(LoginPageTest.java:80)
</failure>
    <system-out><![CDATA[04-13-2020 11:18:51 LoginPageTest.java INFO  [main] testcases.LoginPageTest 88 - ****************************** Browser is closed *****************************************
04-13-2020 11:18:51 LoginPageTest.java INFO  [main] testcases.LoginPageTest 44 - ****************************** Starting test cases execution  *****************************************
Before navigating to: 'https://www.phptravels.net/login'
Navigated to:'https://www.phptravels.net/login'
04-13-2020 11:19:01 LoginPageTest.java INFO  [main] testcases.LoginPageTest 47 - entering application URL
04-13-2020 11:19:01 LoginPageTest.java WARN  [main] testcases.LoginPageTest 48 - Hey this just a warning message
04-13-2020 11:19:01 LoginPageTest.java FATAL [main] testcases.LoginPageTest 49 - hey this is just fatal error message
04-13-2020 11:19:01 LoginPageTest.java DEBUG [main] testcases.LoginPageTest 50 - this is debug message
I am in onTestStart method loginTest start
Trying to find Element By : By.name: username
Found Element By : By.name: username
Trying to find Element By : By.name: password
Found Element By : By.name: password
Trying to find Element By : By.xpath: //button[contains(text(),'Login')]
Found Element By : By.xpath: //button[contains(text(),'Login')]
Trying to click on: [[ChromeDriver: chrome on MAC (1a266249f0177aa50761450f7a209e99)] -> xpath: //button[contains(text(),'Login')]]
Clicked on: [[ChromeDriver: chrome on MAC (1a266249f0177aa50761450f7a209e99)] -> xpath: //button[contains(text(),'Login')]]
Trying to find Element By : By.xpath: //button[contains(text(),'Login')]
Found Element By : By.xpath: //button[contains(text(),'Login')]
Trying to find Element By : By.xpath: //button[contains(text(),'Login')]
Found Element By : By.xpath: //button[contains(text(),'Login')]
Trying to find Element By : By.xpath: //button[contains(text(),'Login')]
Found Element By : By.xpath: //button[contains(text(),'Login')]
Trying to find Element By : By.xpath: //button[contains(text(),'Login')]
Found Element By : By.xpath: //button[contains(text(),'Login')]
Trying to find Element By : By.xpath: //button[contains(text(),'Login')]
Found Element By : By.xpath: //button[contains(text(),'Login')]
Trying to find Element By : By.xpath: //button[contains(text(),'Login')]
Found Element By : By.xpath: //button[contains(text(),'Login')]
Trying to find Element By : By.xpath: //button[contains(text(),'Login')]
Found Element By : By.xpath: //button[contains(text(),'Login')]
Trying to find Element By : By.xpath: //button[contains(text(),'Login')]
Found Element By : By.xpath: //button[contains(text(),'Login')]
Trying to find Element By : By.xpath: //button[contains(text(),'Login')]
Found Element By : By.xpath: //button[contains(text(),'Login')]
Trying to find Element By : By.xpath: //button[contains(text(),'Login')]
Found Element By : By.xpath: //button[contains(text(),'Login')]
Trying to find Element By : By.xpath: //button[contains(text(),'Login')]
Found Element By : By.xpath: //button[contains(text(),'Login')]
I am in onTestFailure method loginTest failed
]]></system-out>
    <system-err><![CDATA[Starting ChromeDriver 80.0.3987.106 (f68069574609230cf9b635cd784cfb1bf81bb53a-refs/branch-heads/3987@{#882}) on port 40852
Only local connections are allowed.
Please protect ports used by ChromeDriver and related test frameworks to prevent access by malicious code.
Apr 13, 2020 11:18:53 AM org.openqa.selenium.remote.ProtocolHandshake createSession
INFO: Detected dialect: W3C
[1586756936.316][SEVERE]: Timed out receiving message from renderer: 0.100
[1586756936.513][SEVERE]: Timed out receiving message from renderer: 0.100
[1586756936.692][SEVERE]: Timed out receiving message from renderer: 0.100
[1586756936.796][SEVERE]: Timed out receiving message from renderer: 0.100
[1586756936.898][SEVERE]: Timed out receiving message from renderer: 0.100
[1586756937.001][SEVERE]: Timed out receiving message from renderer: 0.100
[1586756937.102][SEVERE]: Timed out receiving message from renderer: 0.100
[1586756937.204][SEVERE]: Timed out receiving message from renderer: 0.100
[1586756937.307][SEVERE]: Timed out receiving message from renderer: 0.100
[1586756937.412][SEVERE]: Timed out receiving message from renderer: 0.100
[1586756937.514][SEVERE]: Timed out receiving message from renderer: 0.100
[1586756937.617][SEVERE]: Timed out receiving message from renderer: 0.100
[1586756937.720][SEVERE]: Timed out receiving message from renderer: 0.100
[1586756937.821][SEVERE]: Timed out receiving message from renderer: 0.100
[1586756937.927][SEVERE]: Timed out receiving message from renderer: 0.100
[1586756938.029][SEVERE]: Timed out receiving message from renderer: 0.100
[1586756938.131][SEVERE]: Timed out receiving message from renderer: 0.100
[1586756938.233][SEVERE]: Timed out receiving message from renderer: 0.100
[1586756938.334][SEVERE]: Timed out receiving message from renderer: 0.100
[1586756938.436][SEVERE]: Timed out receiving message from renderer: 0.100
[1586756938.537][SEVERE]: Timed out receiving message from renderer: 0.100
[1586756938.639][SEVERE]: Timed out receiving message from renderer: 0.100
[1586756938.745][SEVERE]: Timed out receiving message from renderer: 0.100
[1586756938.849][SEVERE]: Timed out receiving message from renderer: 0.100
[1586756938.950][SEVERE]: Timed out receiving message from renderer: 0.100
[1586756939.053][SEVERE]: Timed out receiving message from renderer: 0.100
[1586756939.155][SEVERE]: Timed out receiving message from renderer: 0.100
[1586756939.257][SEVERE]: Timed out receiving message from renderer: 0.100
[1586756939.360][SEVERE]: Timed out receiving message from renderer: 0.100
[1586756939.466][SEVERE]: Timed out receiving message from renderer: 0.100
[1586756939.568][SEVERE]: Timed out receiving message from renderer: 0.100
[1586756939.999][SEVERE]: Timed out receiving message from renderer: 0.100
[1586756940.100][SEVERE]: Timed out receiving message from renderer: 0.100
[1586756940.202][SEVERE]: Timed out receiving message from renderer: 0.100
[1586756940.304][SEVERE]: Timed out receiving message from renderer: 0.100
[1586756940.407][SEVERE]: Timed out receiving message from renderer: 0.100
[1586756940.556][SEVERE]: Timed out receiving message from renderer: 0.100
[1586756940.681][SEVERE]: Timed out receiving message from renderer: 0.100
[1586756940.787][SEVERE]: Timed out receiving message from renderer: 0.100
[1586756940.890][SEVERE]: Timed out receiving message from renderer: 0.100
[1586756941.054][SEVERE]: Timed out receiving message from renderer: 0.100
[1586756941.156][SEVERE]: Timed out receiving message from renderer: 0.100
[1586756941.260][SEVERE]: Timed out receiving message from renderer: 0.100
[1586756941.361][SEVERE]: Timed out receiving message from renderer: 0.100
[1586756941.464][SEVERE]: Timed out receiving message from renderer: 0.100
]]></system-err>
  </testcase>
</testsuite>