<?xml version="1.0" encoding="UTF-8"?>
<testng-results skipped="0" failed="1" ignored="0" total="3" passed="2">
  <reporter-output>
  </reporter-output>
  <suite name="PHP Online Application Test Automation Test Suite" duration-ms="42090" started-at="2020-04-13T05:48:26Z" finished-at="2020-04-13T05:49:08Z">
    <groups>
    </groups>
    <test name="PHP Online App Test Cases" duration-ms="42090" started-at="2020-04-13T05:48:26Z" finished-at="2020-04-13T05:49:08Z">
      <class name="com.php.qa.testcases.LoginPageTest">
        <test-method status="PASS" signature="setup()[pri:0, instance:com.php.qa.testcases.LoginPageTest@5f3b9c57]" name="setup" is-config="true" duration-ms="15010" started-at="2020-04-13T11:18:26Z" finished-at="2020-04-13T11:18:41Z">
          <reporter-output>
          </reporter-output>
        </test-method> <!-- setup -->
        <test-method status="PASS" signature="loginPageTitleTest()[pri:1, instance:com.php.qa.testcases.LoginPageTest@5f3b9c57]" name="loginPageTitleTest" duration-ms="324" started-at="2020-04-13T11:18:41Z" description="Verifying login page title" finished-at="2020-04-13T11:18:41Z">
          <reporter-output>
          </reporter-output>
        </test-method> <!-- loginPageTitleTest -->
        <test-method status="PASS" signature="tearDown()[pri:0, instance:com.php.qa.testcases.LoginPageTest@5f3b9c57]" name="tearDown" is-config="true" duration-ms="172" started-at="2020-04-13T11:18:41Z" finished-at="2020-04-13T11:18:42Z">
          <reporter-output>
          </reporter-output>
        </test-method> <!-- tearDown -->
        <test-method status="PASS" signature="setup()[pri:0, instance:com.php.qa.testcases.LoginPageTest@5f3b9c57]" name="setup" is-config="true" duration-ms="9381" started-at="2020-04-13T11:18:42Z" finished-at="2020-04-13T11:18:51Z">
          <reporter-output>
          </reporter-output>
        </test-method> <!-- setup -->
        <test-method status="PASS" signature="PHPLogoImageTest()[pri:2, instance:com.php.qa.testcases.LoginPageTest@5f3b9c57]" name="PHPLogoImageTest" duration-ms="110" started-at="2020-04-13T11:18:51Z" description="verify logo image" finished-at="2020-04-13T11:18:51Z">
          <reporter-output>
          </reporter-output>
        </test-method> <!-- PHPLogoImageTest -->
        <test-method status="PASS" signature="tearDown()[pri:0, instance:com.php.qa.testcases.LoginPageTest@5f3b9c57]" name="tearDown" is-config="true" duration-ms="195" started-at="2020-04-13T11:18:51Z" finished-at="2020-04-13T11:18:51Z">
          <reporter-output>
          </reporter-output>
        </test-method> <!-- tearDown -->
        <test-method status="PASS" signature="setup()[pri:0, instance:com.php.qa.testcases.LoginPageTest@5f3b9c57]" name="setup" is-config="true" duration-ms="9823" started-at="2020-04-13T11:18:51Z" finished-at="2020-04-13T11:19:01Z">
          <reporter-output>
          </reporter-output>
        </test-method> <!-- setup -->
        <test-method status="FAIL" signature="loginTest()[pri:3, instance:com.php.qa.testcases.LoginPageTest@5f3b9c57]" name="loginTest" duration-ms="6292" started-at="2020-04-13T11:19:01Z" description="login with correct credentials" finished-at="2020-04-13T11:19:07Z">
          <exception class="org.openqa.selenium.TimeoutException">
            <message>
              <![CDATA[Expected condition failed: waiting for element to no longer be visible: By.xpath: //button[contains(text(),'Login')] (tried for 5 second(s) with 500 milliseconds interval)
Build info: version: '3.141.59', revision: 'e82be7d358', time: '2018-11-14T08:17:03'
System info: host: 'Aruns-MacBook-Air.local', ip: 'fe80:0:0:0:cc0:f0cb:d095:9693%en0', os.name: 'Mac OS X', os.arch: 'x86_64', os.version: '10.15.4', java.version: '1.8.0_221'
Driver info: org.openqa.selenium.support.events.EventFiringWebDriver
Capabilities {acceptInsecureCerts: false, browserName: chrome, browserVersion: 80.0.3987.163, chrome: {chromedriverVersion: 80.0.3987.106 (f68069574609..., userDataDir: /var/folders/3k/23txymnd6qn...}, goog:chromeOptions: {debuggerAddress: localhost:50154}, javascriptEnabled: true, networkConnectionEnabled: false, pageLoadStrategy: normal, platform: MAC, platformName: MAC, proxy: Proxy(), setWindowRect: true, strictFileInteractability: false, timeouts: {implicit: 0, pageLoad: 300000, script: 30000}, unhandledPromptBehavior: dismiss and notify}
Session ID: 1a266249f0177aa50761450f7a209e99]]>
            </message>
            <full-stacktrace>
              <![CDATA[org.openqa.selenium.TimeoutException: Expected condition failed: waiting for element to no longer be visible: By.xpath: //button[contains(text(),'Login')] (tried for 5 second(s) with 500 milliseconds interval)
Build info: version: '3.141.59', revision: 'e82be7d358', time: '2018-11-14T08:17:03'
System info: host: 'Aruns-MacBook-Air.local', ip: 'fe80:0:0:0:cc0:f0cb:d095:9693%en0', os.name: 'Mac OS X', os.arch: 'x86_64', os.version: '10.15.4', java.version: '1.8.0_221'
Driver info: org.openqa.selenium.support.events.EventFiringWebDriver
Capabilities {acceptInsecureCerts: false, browserName: chrome, browserVersion: 80.0.3987.163, chrome: {chromedriverVersion: 80.0.3987.106 (f68069574609..., userDataDir: /var/folders/3k/23txymnd6qn...}, goog:chromeOptions: {debuggerAddress: localhost:50154}, javascriptEnabled: true, networkConnectionEnabled: false, pageLoadStrategy: normal, platform: MAC, platformName: MAC, proxy: Proxy(), setWindowRect: true, strictFileInteractability: false, timeouts: {implicit: 0, pageLoad: 300000, script: 30000}, unhandledPromptBehavior: dismiss and notify}
Session ID: 1a266249f0177aa50761450f7a209e99
	at org.openqa.selenium.support.ui.WebDriverWait.timeoutException(WebDriverWait.java:95)
	at org.openqa.selenium.support.ui.FluentWait.until(FluentWait.java:272)
	at com.php.qa.pages.LoginPage.login(LoginPage.java:47)
	at com.php.qa.testcases.LoginPageTest.loginTest(LoginPageTest.java:80)
	at sun.reflect.NativeMethodAccessorImpl.invoke0(Native Method)
	at sun.reflect.NativeMethodAccessorImpl.invoke(NativeMethodAccessorImpl.java:62)
	at sun.reflect.DelegatingMethodAccessorImpl.invoke(DelegatingMethodAccessorImpl.java:43)
	at java.lang.reflect.Method.invoke(Method.java:498)
	at org.testng.internal.MethodInvocationHelper.invokeMethod(MethodInvocationHelper.java:108)
	at org.testng.internal.Invoker.invokeMethod(Invoker.java:661)
	at org.testng.internal.Invoker.invokeTestMethod(Invoker.java:869)
	at org.testng.internal.Invoker.invokeTestMethods(Invoker.java:1193)
	at org.testng.internal.TestMethodWorker.invokeTestMethods(TestMethodWorker.java:126)
	at org.testng.internal.TestMethodWorker.run(TestMethodWorker.java:109)
	at org.testng.TestRunner.privateRun(TestRunner.java:744)
	at org.testng.TestRunner.run(TestRunner.java:602)
	at org.testng.SuiteRunner.runTest(SuiteRunner.java:380)
	at org.testng.SuiteRunner.runSequentially(SuiteRunner.java:375)
	at org.testng.SuiteRunner.privateRun(SuiteRunner.java:340)
	at org.testng.SuiteRunner.run(SuiteRunner.java:289)
	at org.testng.SuiteRunnerWorker.runSuite(SuiteRunnerWorker.java:52)
	at org.testng.SuiteRunnerWorker.run(SuiteRunnerWorker.java:86)
	at org.testng.TestNG.runSuitesSequentially(TestNG.java:1301)
	at org.testng.TestNG.runSuitesLocally(TestNG.java:1226)
	at org.testng.TestNG.runSuites(TestNG.java:1144)
	at org.testng.TestNG.run(TestNG.java:1115)
	at org.apache.maven.surefire.testng.TestNGExecutor.run(TestNGExecutor.java:283)
	at org.apache.maven.surefire.testng.TestNGXmlTestSuite.execute(TestNGXmlTestSuite.java:75)
	at org.apache.maven.surefire.testng.TestNGProvider.invoke(TestNGProvider.java:120)
	at org.apache.maven.surefire.booter.ForkedBooter.invokeProviderInSameClassLoader(ForkedBooter.java:386)
	at org.apache.maven.surefire.booter.ForkedBooter.runSuitesInProcess(ForkedBooter.java:323)
	at org.apache.maven.surefire.booter.ForkedBooter.main(ForkedBooter.java:143)
]]>
            </full-stacktrace>
          </exception> <!-- org.openqa.selenium.TimeoutException -->
          <reporter-output>
          </reporter-output>
        </test-method> <!-- loginTest -->
        <test-method status="PASS" signature="tearDown()[pri:0, instance:com.php.qa.testcases.LoginPageTest@5f3b9c57]" name="tearDown" is-config="true" duration-ms="182" started-at="2020-04-13T11:19:07Z" finished-at="2020-04-13T11:19:08Z">
          <reporter-output>
          </reporter-output>
        </test-method> <!-- tearDown -->
      </class> <!-- com.php.qa.testcases.LoginPageTest -->
    </test> <!-- PHP Online App Test Cases -->
  </suite> <!-- PHP Online Application Test Automation Test Suite -->
</testng-results>
